Start testing: Jul 10 21:18 中国标准时间
----------------------------------------------------------
1/8 Testing: compat
1/8 Test: compat
Command: "E:/projects/hoox/build32/tests/test_compat.exe"
Directory: E:/projects/hoox/build32/tests
"compat" start time: Jul 10 21:18 中国标准时间
Output:
----------------------------------------------------------
compat: all tests passed
<end of output>
Test time =   0.03 sec
----------------------------------------------------------
Test Passed.
"compat" end time: Jul 10 21:18 中国标准时间
"compat" time elapsed: 00:00:00
----------------------------------------------------------

2/8 Testing: harness_sample
2/8 Test: harness_sample
Command: "E:/projects/hoox/build32/tests/test_harness_sample.exe"
Directory: E:/projects/hoox/build32/tests
"harness_sample" start time: Jul 10 21:18 中国标准时间
Output:
----------------------------------------------------------
  /Sample/fixture_is_initialised
  /Sample/arithmetic
  /SampleSimple/standalone

3/3 tests passed
<end of output>
Test time =   0.01 sec
----------------------------------------------------------
Test Passed.
"harness_sample" end time: Jul 10 21:18 中国标准时间
"harness_sample" time elapsed: 00:00:00
----------------------------------------------------------

3/8 Testing: memory
3/8 Test: memory
Command: "E:/projects/hoox/build32/tests/test_memory.exe"
Directory: E:/projects/hoox/build32/tests
"memory" start time: Jul 10 21:18 中国标准时间
Output:
----------------------------------------------------------
memory: all tests passed
<end of output>
Test time =   0.01 sec
----------------------------------------------------------
Test Passed.
"memory" end time: Jul 10 21:18 中国标准时间
"memory" time elapsed: 00:00:00
----------------------------------------------------------

4/8 Testing: interceptor_smoke
4/8 Test: interceptor_smoke
Command: "E:/projects/hoox/build32/tests/test_interceptor_smoke.exe"
Directory: E:/projects/hoox/build32/tests
"interceptor_smoke" start time: Jul 10 21:18 中国标准时间
Output:
----------------------------------------------------------
interceptor smoke: all tests passed
<end of output>
Test time =   0.01 sec
----------------------------------------------------------
Test Passed.
"interceptor_smoke" end time: Jul 10 21:18 中国标准时间
"interceptor_smoke" time elapsed: 00:00:00
----------------------------------------------------------

5/8 Testing: interceptor
5/8 Test: interceptor
Command: "E:/projects/hoox/build32/tests/test_interceptor.exe"
Directory: E:/projects/hoox/build32/tests
"interceptor" start time: Jul 10 21:18 中国标准时间
Output:
----------------------------------------------------------
  /Core/Interceptor/attach_one
  /Core/Interceptor/attach_two
  /Core/Interceptor/detach
  /Core/Interceptor/already_attached
  /Core/Interceptor/function_arguments
  /Core/Interceptor/function_return_value
  /Core/Interceptor/replace_one
  /Core/Interceptor/replace_keep_original
  /Core/Interceptor/replace_then_attach
  /Core/Interceptor/function_data

10/10 tests passed
<end of output>
Test time =   0.01 sec
----------------------------------------------------------
Test Passed.
"interceptor" end time: Jul 10 21:18 中国标准时间
"interceptor" time elapsed: 00:00:00
----------------------------------------------------------

6/8 Testing: disasm_diff
6/8 Test: disasm_diff
Command: "C:/Users/junjie.xing/AppData/Local/miniconda3/python.exe" "E:/projects/hoox/tests/disasm/diff_capstone.py" "E:/projects/hoox/build32/tests/hx_disasm_dump.exe"
Directory: E:/projects/hoox/build32/tests
"disasm_diff" start time: Jul 10 21:18 中国标准时间
Output:
----------------------------------------------------------
== curated 64-bit ==
== curated 32-bit ==
curated: all passed
== random mode64: 17416 decoded, len_mismatch=1 (0.006%), rip_mismatch=0, target_mismatch=0 ==
    len 0f216a5450189c184d5e07dfc50091 hoox=4 cs=3 mov
== random mode32: 17754 decoded, len_mismatch=10 (0.056%), rip_mismatch=0, target_mismatch=0 ==
    len 6701b1d2c3227572623183ab1de770 hoox=7 cs=5 add
    len 67d299beeaf65f7b0893ec5d210a42 hoox=7 cs=5 rcr
    len 67229b4b6f231c060f38bbdd91889a hoox=7 cs=5 and
    len 67d19be2f71144159463a66bf4ca10 hoox=7 cs=5 rcr
    len 67f6a652aff8761b9f3786d4ffa68c hoox=7 cs=5 mul
    len 67236cdcf78d98ac8d405678894487 hoox=5 cs=4 and
    len 6719a5e05347824351f2959f4c8f58 hoox=7 cs=5 sbb
    len 3667dcb571a42834830ab7494ce6cb hoox=8 cs=6 fdiv
    len 672988f1f4cb4cc70448f2aa3883d6 hoox=7 cs=5 sub
    len 6723821ecaa8b83f667418e6d84e13 hoox=7 cs=5 and
DIFF: OK
<end of output>
Test time =   1.04 sec
----------------------------------------------------------
Test Passed.
"disasm_diff" end time: Jul 10 21:18 中国标准时间
"disasm_diff" time elapsed: 00:00:01
----------------------------------------------------------

7/8 Testing: amalgam
7/8 Test: amalgam
Command: "E:/projects/hoox/build32/tests/test_amalgam.exe"
Directory: E:/projects/hoox/build32/tests
"amalgam" start time: Jul 10 21:18 中国标准时间
Output:
----------------------------------------------------------
  /Core/Interceptor/attach_one
  /Core/Interceptor/attach_two
  /Core/Interceptor/detach
  /Core/Interceptor/already_attached
  /Core/Interceptor/function_arguments
  /Core/Interceptor/function_return_value
  /Core/Interceptor/replace_one
  /Core/Interceptor/replace_keep_original
  /Core/Interceptor/replace_then_attach
  /Core/Interceptor/function_data

10/10 tests passed
<end of output>
Test time =   0.02 sec
----------------------------------------------------------
Test Passed.
"amalgam" end time: Jul 10 21:18 中国标准时间
"amalgam" time elapsed: 00:00:00
----------------------------------------------------------

8/8 Testing: arch_x86
8/8 Test: arch_x86
Command: "E:/projects/hoox/build32/tests/test_arch_x86.exe"
Directory: E:/projects/hoox/build32/tests
"arch_x86" start time: Jul 10 21:18 中国标准时间
Output:
----------------------------------------------------------
  /Core/X86Writer/jump_label
  /Core/X86Writer/call_label
  /Core/X86Writer/call_indirect
  /Core/X86Writer/call_indirect_label
  /Core/X86Writer/call_capi_eax_with_xdi_argument_for_ia32
  /Core/X86Writer/call_capi_xbx_plus_i8_offset_ptr_with_xcx_argument_for_ia32
  /Core/X86Writer/call_capi_xbx_plus_i8_offset_ptr_with_xcx_argument_for_amd64
  /Core/X86Writer/call_sysapi_xbx_plus_i8_offset_ptr_with_xcx_argument_for_ia32
  /Core/X86Writer/call_sysapi_xbx_plus_i8_offset_ptr_with_xcx_argument_for_amd64
  /Core/X86Writer/call_sysapi_r12_plus_i32_offset_ptr_with_xcx_argument_for_amd64
  /Core/X86Writer/call_with_arguments_should_be_compatible_with_native_abi
  /Core/X86Writer/flush_on_free
  /Core/X86Writer/jmp_rcx
  /Core/X86Writer/jmp_r8
  /Core/X86Writer/jmp_rsp_ptr
  /Core/X86Writer/jmp_r8_ptr
  /Core/X86Writer/jmp_near_ptr_for_ia32
  /Core/X86Writer/jmp_near_ptr_for_amd64
  /Core/X86Writer/add_eax_ecx
  /Core/X86Writer/add_rax_rcx
  /Core/X86Writer/add_r8_rcx
  /Core/X86Writer/inc_ecx
  /Core/X86Writer/inc_rcx
  /Core/X86Writer/dec_ecx
  /Core/X86Writer/dec_rcx
  /Core/X86Writer/lock_xadd_rcx_ptr_eax
  /Core/X86Writer/lock_xadd_rcx_ptr_rax
  /Core/X86Writer/lock_xadd_r15_ptr_eax
  /Core/X86Writer/lock_inc_dec_imm32_ptr
  /Core/X86Writer/and_ecx_edx
  /Core/X86Writer/and_rdx_rsi
  /Core/X86Writer/and_eax_u32
  /Core/X86Writer/and_rax_u32
  /Core/X86Writer/and_r13_u32
  /Core/X86Writer/shl_eax_u8
  /Core/X86Writer/shl_rax_u8
  /Core/X86Writer/mov_ecx_rsi_offset_ptr
  /Core/X86Writer/mov_rcx_rsi_offset_ptr
  /Core/X86Writer/mov_r10d_rsi_offset_ptr
  /Core/X86Writer/mov_r10_rsi_offset_ptr
  /Core/X86Writer/mov_ecx_r11_offset_ptr
  /Core/X86Writer/mov_r11_offset_ptr_ecx
  /Core/X86Writer/mov_rcx_offset_ptr_r15
  /Core/X86Writer/mov_reg_near_ptr_for_ia32
  /Core/X86Writer/mov_reg_near_ptr_for_amd64
  /Core/X86Writer/mov_near_ptr_reg_for_ia32
  /Core/X86Writer/mov_near_ptr_reg_for_amd64
  /Core/X86Writer/push_near_ptr_for_ia32
  /Core/X86Writer/push_near_ptr_for_amd64
  /Core/X86Writer/test_eax_ecx
  /Core/X86Writer/test_rax_rcx
  /Core/X86Writer/test_rax_r9
  /Core/X86Writer/cmp_eax_i32
  /Core/X86Writer/cmp_r9_i32
  /Core/X86Writer/cmp_rax_i8_offset_ptr_rcx
  /Core/X86Writer/cmp_r12_i8_offset_ptr_rcx
  /Core/X86Writer/cmp_rsp_i8_offset_ptr_rcx
  /Core/X86Writer/cmp_rsp_i32_offset_ptr_rcx
  /Core/X86Writer/fxsave_xsp
  /Core/X86Writer/fxsave_xcx
  /Core/X86Writer/fxsave_r11
  /Core/X86Writer/fxsave_r12
  /Core/X86Writer/fxrstor_xsp
  /Core/X86Writer/fxrstor_r11
  /Core/X86Writer/fxrstor_r12
  /Core/X86Relocator/one_to_one
  /Core/X86Relocator/call_near_relative
  /Core/X86Relocator/call_near_relative_to_next_instruction
  /Core/X86Relocator/call_near_gnu_get_pc_thunk
  /Core/X86Relocator/call_near_android_get_pc_thunk
  /Core/X86Relocator/call_near_indirect
  /Core/X86Relocator/jmp_short_outside_block
  /Core/X86Relocator/jmp_near_outside_block
  /Core/X86Relocator/jmp_register
  /Core/X86Relocator/jmp_indirect
  /Core/X86Relocator/jcc_short_within_block
  /Core/X86Relocator/jcc_short_outside_block
  /Core/X86Relocator/jcc_near_outside_block
  /Core/X86Relocator/jcxz_short_within_block
  /Core/X86Relocator/jcxz_short_outside_block
  /Core/X86Relocator/peek_next_write
  /Core/X86Relocator/skip_instruction
  /Core/X86Relocator/eob_and_eoi_on_jmp
  /Core/X86Relocator/eob_but_not_eoi_on_call
  /Core/X86Relocator/eob_and_eoi_on_ret
  /Core/X86Relocator/eob_but_not_eoi_on_jcc
  /Core/X86Relocator/eob_but_not_eoi_on_jcxz

87/87 tests passed
<end of output>
Test time =   0.01 sec
----------------------------------------------------------
Test Passed.
"arch_x86" end time: Jul 10 21:18 中国标准时间
"arch_x86" time elapsed: 00:00:00
----------------------------------------------------------

End testing: Jul 10 21:18 中国标准时间
